{
  "stats": {
    "suites": 1,
    "tests": 2,
    "passes": 1,
    "pending": 1,
    "failures": 0,
    "start": "2021-04-18T19:38:46.164Z",
    "end": "2021-04-18T19:39:47.515Z",
    "duration": 61351,
    "testsRegistered": 2,
    "passPercent": 100,
    "pendingPercent": 50,
    "other": 0,
    "hasOther": false,
    "skipped": 0,
    "hasSkipped": false
  },
  "results": [
    {
      "uuid": "33b3e60d-cfba-469a-838e-5d8e7d17f7cf",
      "title": "",
      "fullFile": "cypress/integration/Aggregator/ResetPassword.feature",
      "file": "cypress/integration/Aggregator/ResetPassword.feature",
      "beforeHooks": [],
      "afterHooks": [],
      "tests": [],
      "suites": [
        {
          "uuid": "f0dda9c0-ed53-4909-8ef4-1f83e79ecd19",
          "title": "Password Reset for valid and invalid users",
          "fullFile": "",
          "file": "",
          "beforeHooks": [],
          "afterHooks": [],
          "tests": [
            {
              "title": "As a registered Aggregator",
              "fullTitle": "Password Reset for valid and invalid users As a registered Aggregator",
              "timedOut": null,
              "duration": 56920,
              "state": "passed",
              "speed": "slow",
              "pass": true,
              "fail": false,
              "pending": false,
              "context": null,
              "code": "const state = window.testState;\nreturn cy\n  .then(() => state.onStartScenario(scenario, indexedSteps))\n  .then(() =>\n    resolveAndRunBeforeHooks.call(this, scenario.tags, state.feature.name)\n  )\n  .then(() =>\n    indexedSteps.forEach((step) =>\n      stepTest.call(this, state, step, rowData)\n    )\n  )\n  .then(() =>\n    resolveAndRunAfterHooks.call(this, scenario.tags, state.feature.name)\n  )\n  .then(() => state.onFinishScenario(scenario));",
              "err": {},
              "uuid": "1b0c6761-71e3-48bb-9ef5-7601757277d5",
              "parentUUID": "f0dda9c0-ed53-4909-8ef4-1f83e79ecd19",
              "isHook": false,
              "skipped": false
            },
            {
              "title": "As an unregistered Aggregator",
              "fullTitle": "Password Reset for valid and invalid users As an unregistered Aggregator",
              "timedOut": null,
              "duration": 79,
              "state": "pending",
              "speed": null,
              "pass": false,
              "fail": false,
              "pending": false,
              "context": null,
              "code": "// register this scenario with the cucumber data collector\n// but don't run it\n// Tell mocha this is a skipped test so it also shows correctly in Cypress\nconst state = window.testState;\ncy.then(() => state.onStartScenario(scenario, indexedSteps))\n  .then(() => state.onFinishScenario(scenario))\n  // eslint-disable-next-line func-names\n  .then(function () {\n    return this.skip();\n  });",
              "err": {
                "message": "CypressError: sync skip; aborting execution",
                "estack": "[object Object]\nFrom Your Spec Code:\n    at Context.eval (https://advancly-aggregator.staging.vggdev.com/__cypress/tests?p=cypress\\integration\\Aggregator\\ResetPassword.feature:9927:10)",
                "diff": null
              },
              "uuid": "2e4cea9b-62e3-430b-b63e-c1170e38b3dc",
              "parentUUID": "f0dda9c0-ed53-4909-8ef4-1f83e79ecd19",
              "isHook": false,
              "skipped": true
            }
          ],
          "suites": [],
          "passes": [
            "1b0c6761-71e3-48bb-9ef5-7601757277d5"
          ],
          "failures": [],
          "pending": [],
          "skipped": [
            "2e4cea9b-62e3-430b-b63e-c1170e38b3dc"
          ],
          "duration": 56999,
          "root": false,
          "rootEmpty": false,
          "_timeout": 2000
        }
      ],
      "passes": [],
      "failures": [],
      "pending": [],
      "skipped": [],
      "duration": 0,
      "root": true,
      "rootEmpty": true,
      "_timeout": 2000
    }
  ],
  "meta": {
    "mocha": {
      "version": "7.0.1"
    },
    "mochawesome": {
      "options": {
        "quiet": false,
        "reportFilename": "mochawesome",
        "saveHtml": false,
        "saveJson": true,
        "consoleReporter": "spec",
        "useInlineDiffs": false,
        "code": true
      },
      "version": "6.2.2"
    },
    "marge": {
      "options": {
        "overwrite": false,
        "html": false,
        "json": true
      },
      "version": "5.2.0"
    }
  }
}