{
  "stats": {
    "suites": 1,
    "tests": 2,
    "passes": 2,
    "pending": 0,
    "failures": 0,
    "start": "2021-04-18T19:37:34.697Z",
    "end": "2021-04-18T19:38:23.035Z",
    "duration": 48338,
    "testsRegistered": 2,
    "passPercent": 100,
    "pendingPercent": 0,
    "other": 0,
    "hasOther": false,
    "skipped": 0,
    "hasSkipped": false
  },
  "results": [
    {
      "uuid": "75b05fd1-0be8-4955-8ece-d13c2d8e9717",
      "title": "",
      "fullFile": "cypress/integration/Aggregator/Login.feature",
      "file": "cypress/integration/Aggregator/Login.feature",
      "beforeHooks": [],
      "afterHooks": [],
      "tests": [],
      "suites": [
        {
          "uuid": "9a177832-68fb-4e4d-a437-c3bbfb2b955f",
          "title": "Login to Advancly Aggregator Page",
          "fullFile": "",
          "file": "",
          "beforeHooks": [],
          "afterHooks": [],
          "tests": [
            {
              "title": "As an invalid Aggergator I can't login",
              "fullTitle": "Login to Advancly Aggregator Page As an invalid Aggergator I can't login",
              "timedOut": null,
              "duration": 29157,
              "state": "passed",
              "speed": "slow",
              "pass": true,
              "fail": false,
              "pending": false,
              "context": null,
              "code": "const state = window.testState;\nreturn cy\n  .then(() => state.onStartScenario(scenario, indexedSteps))\n  .then(() =>\n    resolveAndRunBeforeHooks.call(this, scenario.tags, state.feature.name)\n  )\n  .then(() =>\n    indexedSteps.forEach((step) =>\n      stepTest.call(this, state, step, rowData)\n    )\n  )\n  .then(() =>\n    resolveAndRunAfterHooks.call(this, scenario.tags, state.feature.name)\n  )\n  .then(() => state.onFinishScenario(scenario));",
              "err": {},
              "uuid": "f1b74d98-8f13-4a71-a4e1-e164588540f5",
              "parentUUID": "9a177832-68fb-4e4d-a437-c3bbfb2b955f",
              "isHook": false,
              "skipped": false
            },
            {
              "title": "As a valid Aggregator I want to login successfully",
              "fullTitle": "Login to Advancly Aggregator Page As a valid Aggregator I want to login successfully",
              "timedOut": null,
              "duration": 14784,
              "state": "passed",
              "speed": "slow",
              "pass": true,
              "fail": false,
              "pending": false,
              "context": null,
              "code": "const state = window.testState;\nreturn cy\n  .then(() => state.onStartScenario(scenario, indexedSteps))\n  .then(() =>\n    resolveAndRunBeforeHooks.call(this, scenario.tags, state.feature.name)\n  )\n  .then(() =>\n    indexedSteps.forEach((step) =>\n      stepTest.call(this, state, step, rowData)\n    )\n  )\n  .then(() =>\n    resolveAndRunAfterHooks.call(this, scenario.tags, state.feature.name)\n  )\n  .then(() => state.onFinishScenario(scenario));",
              "err": {},
              "uuid": "f01924c5-a6ea-4bad-9ecc-825a69d5d951",
              "parentUUID": "9a177832-68fb-4e4d-a437-c3bbfb2b955f",
              "isHook": false,
              "skipped": false
            }
          ],
          "suites": [],
          "passes": [
            "f1b74d98-8f13-4a71-a4e1-e164588540f5",
            "f01924c5-a6ea-4bad-9ecc-825a69d5d951"
          ],
          "failures": [],
          "pending": [],
          "skipped": [],
          "duration": 43941,
          "root": false,
          "rootEmpty": false,
          "_timeout": 2000
        }
      ],
      "passes": [],
      "failures": [],
      "pending": [],
      "skipped": [],
      "duration": 0,
      "root": true,
      "rootEmpty": true,
      "_timeout": 2000
    }
  ],
  "meta": {
    "mocha": {
      "version": "7.0.1"
    },
    "mochawesome": {
      "options": {
        "quiet": false,
        "reportFilename": "mochawesome",
        "saveHtml": false,
        "saveJson": true,
        "consoleReporter": "spec",
        "useInlineDiffs": false,
        "code": true
      },
      "version": "6.2.2"
    },
    "marge": {
      "options": {
        "overwrite": false,
        "html": false,
        "json": true
      },
      "version": "5.2.0"
    }
  }
}